# JRE version: OpenJDK Runtime Environment Temurin-17.0.3+7 (17.0.3+7) (build 17.0.3+7)
# Java VM: OpenJDK 64-Bit Server VM Temurin-17.0.3+7 (17.0.3+7, mixed mode, emulated-client, tiered, compressed oops, compressed class ptrs, g1 gc, windows-amd64)
GC Precious Log:
 CPUs: 8 total, 8 available
 Memory: 16122M
 Large Page Support: Disabled
 NUMA Support: Disabled
 Compressed Oops: Enabled (Zero based)
 Heap Region Size: 2M
 Heap Min Capacity: 8M
 Heap Initial Capacity: 252M
 Heap Max Capacity: 4032M
 Pre-touch: Disabled
 Parallel Workers: 8
 Concurrent Workers: 2
 Concurrent Refinement Workers: 8
 Periodic GC: Disabled
Heap:
 garbage-first heap   total 81920K, used 23129K [0x0000000704000000, 0x0000000800000000)
  region size 2048K, 1 young (2048K), 0 survivors (0K)
 Metaspace       used 41375K, committed 41856K, reserved 1089536K
  class space    used 5762K, committed 5952K, reserved 1048576K
GC Heap History (20 events):
Event: 2469.413 GC heap before
{Heap before GC invocations=256 (full 225):
 garbage-first heap   total 81920K, used 23128K [0x0000000704000000, 0x0000000800000000)
  region size 2048K, 1 young (2048K), 0 survivors (0K)
 Metaspace       used 41375K, committed 41856K, reserved 1089536K
  class space    used 5762K, committed 5952K, reserved 1048576K
}
Event: 2469.509 GC heap after
{Heap after GC invocations=257 (full 226):
 garbage-first heap   total 81920K, used 23128K [0x0000000704000000, 0x0000000800000000)
  region size 2048K, 0 young (0K), 0 survivors (0K)
 Metaspace       used 41375K, committed 41856K, reserved 1089536K
  class space    used 5762K, committed 5952K, reserved 1048576K
}
Event: 2489.789 GC heap before
{Heap before GC invocations=257 (full 226):
 garbage-first heap   total 81920K, used 23128K [0x0000000704000000, 0x0000000800000000)
  region size 2048K, 1 young (2048K), 0 survivors (0K)
 Metaspace       used 41375K, committed 41856K, reserved 1089536K
  class space    used 5762K, committed 5952K, reserved 1048576K
}
Event: 2489.876 GC heap after
{Heap after GC invocations=258 (full 227):
 garbage-first heap   total 81920K, used 23129K [0x0000000704000000, 0x0000000800000000)
  region size 2048K, 0 young (0K), 0 survivors (0K)
 Metaspace       used 41375K, committed 41856K, reserved 1089536K
  class space    used 5762K, committed 5952K, reserved 1048576K
}
Event: 2500.045 GC heap before
{Heap before GC invocations=258 (full 227):
 garbage-first heap   total 81920K, used 23129K [0x0000000704000000, 0x0000000800000000)
  region size 2048K, 1 young (2048K), 0 survivors (0K)
 Metaspace       used 41375K, committed 41856K, reserved 1089536K
  class space    used 5762K, committed 5952K, reserved 1048576K
}
Event: 2500.118 GC heap after
{Heap after GC invocations=259 (full 228):
 garbage-first heap   total 81920K, used 23129K [0x0000000704000000, 0x0000000800000000)
  region size 2048K, 0 young (0K), 0 survivors (0K)
 Metaspace       used 41375K, committed 41856K, reserved 1089536K
  class space    used 5762K, committed 5952K, reserved 1048576K
}
Event: 2510.316 GC heap before
{Heap before GC invocations=259 (full 228):
 garbage-first heap   total 81920K, used 23129K [0x0000000704000000, 0x0000000800000000)
  region size 2048K, 1 young (2048K), 0 survivors (0K)
 Metaspace       used 41375K, committed 41856K, reserved 1089536K
  class space    used 5762K, committed 5952K, reserved 1048576K
}
Event: 2510.387 GC heap after
{Heap after GC invocations=260 (full 229):
 garbage-first heap   total 81920K, used 23129K [0x0000000704000000, 0x0000000800000000)
  region size 2048K, 0 young (0K), 0 survivors (0K)
 Metaspace       used 41375K, committed 41856K, reserved 1089536K
  class space    used 5762K, committed 5952K, reserved 1048576K
}
Event: 2520.603 GC heap before
{Heap before GC invocations=260 (full 229):
 garbage-first heap   total 81920K, used 23129K [0x0000000704000000, 0x0000000800000000)
  region size 2048K, 1 young (2048K), 0 survivors (0K)
 Metaspace       used 41375K, committed 41856K, reserved 1089536K
  class space    used 5762K, committed 5952K, reserved 1048576K
}
Event: 2520.676 GC heap after
{Heap after GC invocations=261 (full 230):
 garbage-first heap   total 81920K, used 23129K [0x0000000704000000, 0x0000000800000000)
  region size 2048K, 0 young (0K), 0 survivors (0K)
 Metaspace       used 41375K, committed 41856K, reserved 1089536K
  class space    used 5762K, committed 5952K, reserved 1048576K
}
Event: 2530.900 GC heap before
{Heap before GC invocations=261 (full 230):
 garbage-first heap   total 81920K, used 23129K [0x0000000704000000, 0x0000000800000000)
  region size 2048K, 1 young (2048K), 0 survivors (0K)
 Metaspace       used 41375K, committed 41856K, reserved 1089536K
  class space    used 5762K, committed 5952K, reserved 1048576K
}
Event: 2530.993 GC heap after
{Heap after GC invocations=262 (full 231):
 garbage-first heap   total 81920K, used 23129K [0x0000000704000000, 0x0000000800000000)
  region size 2048K, 0 young (0K), 0 survivors (0K)
 Metaspace       used 41375K, committed 41856K, reserved 1089536K
  class space    used 5762K, committed 5952K, reserved 1048576K
}
Event: 2541.194 GC heap before
{Heap before GC invocations=262 (full 231):
 garbage-first heap   total 81920K, used 23129K [0x0000000704000000, 0x0000000800000000)
  region size 2048K, 1 young (2048K), 0 survivors (0K)
 Metaspace       used 41375K, committed 41856K, reserved 1089536K
  class space    used 5762K, committed 5952K, reserved 1048576K
}
Event: 2541.276 GC heap after
{Heap after GC invocations=263 (full 232):
 garbage-first heap   total 81920K, used 23129K [0x0000000704000000, 0x0000000800000000)
  region size 2048K, 0 young (0K), 0 survivors (0K)
 Metaspace       used 41375K, committed 41856K, reserved 1089536K
  class space    used 5762K, committed 5952K, reserved 1048576K
}
Event: 2551.499 GC heap before
{Heap before GC invocations=263 (full 232):
 garbage-first heap   total 81920K, used 23129K [0x0000000704000000, 0x0000000800000000)
  region size 2048K, 1 young (2048K), 0 survivors (0K)
 Metaspace       used 41375K, committed 41856K, reserved 1089536K
  class space    used 5762K, committed 5952K, reserved 1048576K
}
Event: 2551.586 GC heap after
{Heap after GC invocations=264 (full 233):
 garbage-first heap   total 81920K, used 23129K [0x0000000704000000, 0x0000000800000000)
  region size 2048K, 0 young (0K), 0 survivors (0K)
 Metaspace       used 41375K, committed 41856K, reserved 1089536K
  class space    used 5762K, committed 5952K, reserved 1048576K
}
Event: 2561.895 GC heap before
{Heap before GC invocations=264 (full 233):
 garbage-first heap   total 81920K, used 23129K [0x0000000704000000, 0x0000000800000000)
  region size 2048K, 1 young (2048K), 0 survivors (0K)
 Metaspace       used 41375K, committed 41856K, reserved 1089536K
  class space    used 5762K, committed 5952K, reserved 1048576K
}
Event: 2562.004 GC heap after
{Heap after GC invocations=265 (full 234):
 garbage-first heap   total 81920K, used 23129K [0x0000000704000000, 0x0000000800000000)
  region size 2048K, 0 young (0K), 0 survivors (0K)
 Metaspace       used 41375K, committed 41856K, reserved 1089536K
  class space    used 5762K, committed 5952K, reserved 1048576K
}
Event: 2572.220 GC heap before
{Heap before GC invocations=265 (full 234):
 garbage-first heap   total 81920K, used 23129K [0x0000000704000000, 0x0000000800000000)
  region size 2048K, 1 young (2048K), 0 survivors (0K)
 Metaspace       used 41375K, committed 41856K, reserved 1089536K
  class space    used 5762K, committed 5952K, reserved 1048576K
}
Event: 2572.316 GC heap after
{Heap after GC invocations=266 (full 235):
 garbage-first heap   total 81920K, used 23129K [0x0000000704000000, 0x0000000800000000)
  region size 2048K, 0 young (0K), 0 survivors (0K)
 Metaspace       used 41375K, committed 41856K, reserved 1089536K
  class space    used 5762K, committed 5952K, reserved 1048576K
}

